# JRE version: OpenJDK Runtime Environment Temurin-21.0.7+6 (21.0.7+6) (build 21.0.7+6-LTS)
# Java VM: OpenJDK 64-Bit Server VM Temurin-21.0.7+6 (21.0.7+6-LTS, mixed mode, sharing, tiered, compressed oops, compressed class ptrs, parallel gc, windows-amd64)
GC Precious Log:
 CardTable entry size: 512
 CPUs: 4 total, 4 available
 Memory: 3872M
 Large Page Support: Disabled
 NUMA Support: Disabled
 Compressed Oops: Enabled (32-bit)
 Alignments: Space 512K, Generation 512K, Heap 2M
 Heap Min Capacity: 100M
 Heap Initial Capacity: 100M
 Heap Max Capacity: 2G
 Pre-touch: Disabled
 Parallel Workers: 4
Heap:
 PSYoungGen      total 13312K, used 13302K [0x00000000d5580000, 0x00000000d6700000, 0x0000000100000000)
  eden space 9728K, 100% used [0x00000000d5580000,0x00000000d5f00000,0x00000000d5f00000)
  from space 3584K, 99% used [0x00000000d6380000,0x00000000d66fd810,0x00000000d6700000)
  to   space 4096K, 71% used [0x00000000d5f00000,0x00000000d61db940,0x00000000d6300000)
 ParOldGen       total 372736K, used 372729K [0x0000000080000000, 0x0000000096c00000, 0x00000000d5580000)
  object space 372736K, 99% used [0x0000000080000000,0x0000000096bfe4a8,0x0000000096c00000)
 Metaspace       used 65511K, committed 67072K, reserved 1114112K
  class space    used 6685K, committed 7360K, reserved 1048576K
GC Heap History (20 events):
Event: 45.456 GC heap after
{Heap after GC invocations=384 (full 4):
 PSYoungGen      total 11264K, used 3584K [0x00000000d5580000, 0x00000000d6580000, 0x0000000100000000)
  eden space 7680K, 0% used [0x00000000d5580000,0x00000000d5580000,0x00000000d5d00000)
  from space 3584K, 100% used [0x00000000d6100000,0x00000000d6480000,0x00000000d6480000)
  to   space 4096K, 0% used [0x00000000d5d00000,0x00000000d5d00000,0x00000000d6100000)
 ParOldGen       total 365056K, used 364769K [0x0000000080000000, 0x0000000096480000, 0x00000000d5580000)
  object space 365056K, 99% used [0x0000000080000000,0x0000000096438688,0x0000000096480000)
 Metaspace       used 65509K, committed 67072K, reserved 1114112K
  class space    used 6685K, committed 7360K, reserved 1048576K
}
Event: 45.521 GC heap before
{Heap before GC invocations=385 (full 4):
 PSYoungGen      total 11264K, used 11264K [0x00000000d5580000, 0x00000000d6580000, 0x0000000100000000)
  eden space 7680K, 100% used [0x00000000d5580000,0x00000000d5d00000,0x00000000d5d00000)
  from space 3584K, 100% used [0x00000000d6100000,0x00000000d6480000,0x00000000d6480000)
  to   space 4096K, 0% used [0x00000000d5d00000,0x00000000d5d00000,0x00000000d6100000)
 ParOldGen       total 365056K, used 364769K [0x0000000080000000, 0x0000000096480000, 0x00000000d5580000)
  object space 365056K, 99% used [0x0000000080000000,0x0000000096438688,0x0000000096480000)
 Metaspace       used 65511K, committed 67072K, reserved 1114112K
  class space    used 6685K, committed 7360K, reserved 1048576K
}
Event: 45.529 GC heap after
{Heap after GC invocations=385 (full 4):
 PSYoungGen      total 11776K, used 3072K [0x00000000d5580000, 0x00000000d6500000, 0x0000000100000000)
  eden space 7680K, 0% used [0x00000000d5580000,0x00000000d5580000,0x00000000d5d00000)
  from space 4096K, 75% used [0x00000000d5d00000,0x00000000d6000000,0x00000000d6100000)
  to   space 3584K, 0% used [0x00000000d6180000,0x00000000d6180000,0x00000000d6500000)
 ParOldGen       total 366592K, used 366118K [0x0000000080000000, 0x0000000096600000, 0x00000000d5580000)
  object space 366592K, 99% used [0x0000000080000000,0x0000000096589890,0x0000000096600000)
 Metaspace       used 65511K, committed 67072K, reserved 1114112K
  class space    used 6685K, committed 7360K, reserved 1048576K
}
Event: 45.567 GC heap before
{Heap before GC invocations=386 (full 4):
 PSYoungGen      total 11776K, used 10752K [0x00000000d5580000, 0x00000000d6500000, 0x0000000100000000)
  eden space 7680K, 100% used [0x00000000d5580000,0x00000000d5d00000,0x00000000d5d00000)
  from space 4096K, 75% used [0x00000000d5d00000,0x00000000d6000000,0x00000000d6100000)
  to   space 3584K, 0% used [0x00000000d6180000,0x00000000d6180000,0x00000000d6500000)
 ParOldGen       total 366592K, used 366118K [0x0000000080000000, 0x0000000096600000, 0x00000000d5580000)
  object space 366592K, 99% used [0x0000000080000000,0x0000000096589890,0x0000000096600000)
 Metaspace       used 65511K, committed 67072K, reserved 1114112K
  class space    used 6685K, committed 7360K, reserved 1048576K
}
Event: 45.572 GC heap after
{Heap after GC invocations=386 (full 4):
 PSYoungGen      total 11776K, used 3584K [0x00000000d5580000, 0x00000000d6600000, 0x0000000100000000)
  eden space 8192K, 0% used [0x00000000d5580000,0x00000000d5580000,0x00000000d5d80000)
  from space 3584K, 100% used [0x00000000d6180000,0x00000000d6500000,0x00000000d6500000)
  to   space 4096K, 0% used [0x00000000d5d80000,0x00000000d5d80000,0x00000000d6180000)
 ParOldGen       total 366592K, used 366334K [0x0000000080000000, 0x0000000096600000, 0x00000000d5580000)
  object space 366592K, 99% used [0x0000000080000000,0x00000000965bf890,0x0000000096600000)
 Metaspace       used 65511K, committed 67072K, reserved 1114112K
  class space    used 6685K, committed 7360K, reserved 1048576K
}
Event: 45.625 GC heap before
{Heap before GC invocations=387 (full 4):
 PSYoungGen      total 11776K, used 11776K [0x00000000d5580000, 0x00000000d6600000, 0x0000000100000000)
  eden space 8192K, 100% used [0x00000000d5580000,0x00000000d5d80000,0x00000000d5d80000)
  from space 3584K, 100% used [0x00000000d6180000,0x00000000d6500000,0x00000000d6500000)
  to   space 4096K, 0% used [0x00000000d5d80000,0x00000000d5d80000,0x00000000d6180000)
 ParOldGen       total 366592K, used 366334K [0x0000000080000000, 0x0000000096600000, 0x00000000d5580000)
  object space 366592K, 99% used [0x0000000080000000,0x00000000965bf890,0x0000000096600000)
 Metaspace       used 65511K, committed 67072K, reserved 1114112K
  class space    used 6685K, committed 7360K, reserved 1048576K
}
Event: 45.632 GC heap after
{Heap after GC invocations=387 (full 4):
 PSYoungGen      total 12288K, used 3682K [0x00000000d5580000, 0x00000000d6680000, 0x0000000100000000)
  eden space 8192K, 0% used [0x00000000d5580000,0x00000000d5580000,0x00000000d5d80000)
  from space 4096K, 89% used [0x00000000d5d80000,0x00000000d6118a50,0x00000000d6180000)
  to   space 4096K, 0% used [0x00000000d6280000,0x00000000d6280000,0x00000000d6680000)
 ParOldGen       total 367616K, used 367561K [0x0000000080000000, 0x0000000096700000, 0x00000000d5580000)
  object space 367616K, 99% used [0x0000000080000000,0x00000000966f24a0,0x0000000096700000)
 Metaspace       used 65511K, committed 67072K, reserved 1114112K
  class space    used 6685K, committed 7360K, reserved 1048576K
}
Event: 45.672 GC heap before
{Heap before GC invocations=388 (full 4):
 PSYoungGen      total 12288K, used 11874K [0x00000000d5580000, 0x00000000d6680000, 0x0000000100000000)
  eden space 8192K, 100% used [0x00000000d5580000,0x00000000d5d80000,0x00000000d5d80000)
  from space 4096K, 89% used [0x00000000d5d80000,0x00000000d6118a50,0x00000000d6180000)
  to   space 4096K, 0% used [0x00000000d6280000,0x00000000d6280000,0x00000000d6680000)
 ParOldGen       total 367616K, used 367561K [0x0000000080000000, 0x0000000096700000, 0x00000000d5580000)
  object space 367616K, 99% used [0x0000000080000000,0x00000000966f24a0,0x0000000096700000)
 Metaspace       used 65511K, committed 67072K, reserved 1114112K
  class space    used 6685K, committed 7360K, reserved 1048576K
}
Event: 45.679 GC heap after
{Heap after GC invocations=388 (full 4):
 PSYoungGen      total 12800K, used 4080K [0x00000000d5580000, 0x00000000d6780000, 0x0000000100000000)
  eden space 8704K, 0% used [0x00000000d5580000,0x00000000d5580000,0x00000000d5e00000)
  from space 4096K, 99% used [0x00000000d6280000,0x00000000d667c008,0x00000000d6680000)
  to   space 4608K, 0% used [0x00000000d5e00000,0x00000000d5e00000,0x00000000d6280000)
 ParOldGen       total 368128K, used 367817K [0x0000000080000000, 0x0000000096780000, 0x00000000d5580000)
  object space 368128K, 99% used [0x0000000080000000,0x00000000967324a0,0x0000000096780000)
 Metaspace       used 65511K, committed 67072K, reserved 1114112K
  class space    used 6685K, committed 7360K, reserved 1048576K
}
Event: 45.733 GC heap before
{Heap before GC invocations=389 (full 4):
 PSYoungGen      total 12800K, used 12784K [0x00000000d5580000, 0x00000000d6780000, 0x0000000100000000)
  eden space 8704K, 100% used [0x00000000d5580000,0x00000000d5e00000,0x00000000d5e00000)
  from space 4096K, 99% used [0x00000000d6280000,0x00000000d667c008,0x00000000d6680000)
  to   space 4608K, 0% used [0x00000000d5e00000,0x00000000d5e00000,0x00000000d6280000)
 ParOldGen       total 368128K, used 367817K [0x0000000080000000, 0x0000000096780000, 0x00000000d5580000)
  object space 368128K, 99% used [0x0000000080000000,0x00000000967324a0,0x0000000096780000)
 Metaspace       used 65511K, committed 67072K, reserved 1114112K
  class space    used 6685K, committed 7360K, reserved 1048576K
}
Event: 45.743 GC heap after
{Heap after GC invocations=389 (full 4):
 PSYoungGen      total 13312K, used 3568K [0x00000000d5580000, 0x00000000d6700000, 0x0000000100000000)
  eden space 8704K, 0% used [0x00000000d5580000,0x00000000d5580000,0x00000000d5e00000)
  from space 4608K, 77% used [0x00000000d5e00000,0x00000000d617c008,0x00000000d6280000)
  to   space 4096K, 0% used [0x00000000d6300000,0x00000000d6300000,0x00000000d6700000)
 ParOldGen       total 369664K, used 369209K [0x0000000080000000, 0x0000000096900000, 0x00000000d5580000)
  object space 369664K, 99% used [0x0000000080000000,0x000000009688e4a0,0x0000000096900000)
 Metaspace       used 65511K, committed 67072K, reserved 1114112K
  class space    used 6685K, committed 7360K, reserved 1048576K
}
Event: 45.801 GC heap before
{Heap before GC invocations=390 (full 4):
 PSYoungGen      total 13312K, used 12272K [0x00000000d5580000, 0x00000000d6700000, 0x0000000100000000)
  eden space 8704K, 100% used [0x00000000d5580000,0x00000000d5e00000,0x00000000d5e00000)
  from space 4608K, 77% used [0x00000000d5e00000,0x00000000d617c008,0x00000000d6280000)
  to   space 4096K, 0% used [0x00000000d6300000,0x00000000d6300000,0x00000000d6700000)
 ParOldGen       total 369664K, used 369209K [0x0000000080000000, 0x0000000096900000, 0x00000000d5580000)
  object space 369664K, 99% used [0x0000000080000000,0x000000009688e4a0,0x0000000096900000)
 Metaspace       used 65511K, committed 67072K, reserved 1114112K
  class space    used 6685K, committed 7360K, reserved 1048576K
}
Event: 45.807 GC heap after
{Heap after GC invocations=390 (full 4):
 PSYoungGen      total 13824K, used 3622K [0x00000000d5580000, 0x00000000d6700000, 0x0000000100000000)
  eden space 9728K, 0% used [0x00000000d5580000,0x00000000d5580000,0x00000000d5f00000)
  from space 4096K, 88% used [0x00000000d6300000,0x00000000d6689818,0x00000000d6700000)
  to   space 4096K, 0% used [0x00000000d5f00000,0x00000000d5f00000,0x00000000d6300000)
 ParOldGen       total 370176K, used 369921K [0x0000000080000000, 0x0000000096980000, 0x00000000d5580000)
  object space 370176K, 99% used [0x0000000080000000,0x00000000969404a0,0x0000000096980000)
 Metaspace       used 65511K, committed 67072K, reserved 1114112K
  class space    used 6685K, committed 7360K, reserved 1048576K
}
Event: 45.866 GC heap before
{Heap before GC invocations=391 (full 4):
 PSYoungGen      total 13824K, used 13350K [0x00000000d5580000, 0x00000000d6700000, 0x0000000100000000)
  eden space 9728K, 100% used [0x00000000d5580000,0x00000000d5f00000,0x00000000d5f00000)
  from space 4096K, 88% used [0x00000000d6300000,0x00000000d6689818,0x00000000d6700000)
  to   space 4096K, 0% used [0x00000000d5f00000,0x00000000d5f00000,0x00000000d6300000)
 ParOldGen       total 370176K, used 369921K [0x0000000080000000, 0x0000000096980000, 0x00000000d5580000)
  object space 370176K, 99% used [0x0000000080000000,0x00000000969404a0,0x0000000096980000)
 Metaspace       used 65511K, committed 67072K, reserved 1114112K
  class space    used 6685K, committed 7360K, reserved 1048576K
}
Event: 45.872 GC heap after
{Heap after GC invocations=391 (full 4):
 PSYoungGen      total 13824K, used 3547K [0x00000000d5580000, 0x00000000d6700000, 0x0000000100000000)
  eden space 9728K, 0% used [0x00000000d5580000,0x00000000d5580000,0x00000000d5f00000)
  from space 4096K, 86% used [0x00000000d5f00000,0x00000000d6276c08,0x00000000d6300000)
  to   space 3584K, 0% used [0x00000000d6380000,0x00000000d6380000,0x00000000d6700000)
 ParOldGen       total 371200K, used 371065K [0x0000000080000000, 0x0000000096a80000, 0x00000000d5580000)
  object space 371200K, 99% used [0x0000000080000000,0x0000000096a5e4a8,0x0000000096a80000)
 Metaspace       used 65511K, committed 67072K, reserved 1114112K
  class space    used 6685K, committed 7360K, reserved 1048576K
}
Event: 45.928 GC heap before
{Heap before GC invocations=392 (full 4):
 PSYoungGen      total 13824K, used 13275K [0x00000000d5580000, 0x00000000d6700000, 0x0000000100000000)
  eden space 9728K, 100% used [0x00000000d5580000,0x00000000d5f00000,0x00000000d5f00000)
  from space 4096K, 86% used [0x00000000d5f00000,0x00000000d6276c08,0x00000000d6300000)
  to   space 3584K, 0% used [0x00000000d6380000,0x00000000d6380000,0x00000000d6700000)
 ParOldGen       total 371200K, used 371065K [0x0000000080000000, 0x0000000096a80000, 0x00000000d5580000)
  object space 371200K, 99% used [0x0000000080000000,0x0000000096a5e4a8,0x0000000096a80000)
 Metaspace       used 65511K, committed 67072K, reserved 1114112K
  class space    used 6685K, committed 7360K, reserved 1048576K
}
Event: 45.934 GC heap after
{Heap after GC invocations=392 (full 4):
 PSYoungGen      total 13312K, used 3574K [0x00000000d5580000, 0x00000000d6700000, 0x0000000100000000)
  eden space 9728K, 0% used [0x00000000d5580000,0x00000000d5580000,0x00000000d5f00000)
  from space 3584K, 99% used [0x00000000d6380000,0x00000000d66fd810,0x00000000d6700000)
  to   space 4096K, 0% used [0x00000000d5f00000,0x00000000d5f00000,0x00000000d6300000)
 ParOldGen       total 372224K, used 371809K [0x0000000080000000, 0x0000000096b80000, 0x00000000d5580000)
  object space 372224K, 99% used [0x0000000080000000,0x0000000096b184a8,0x0000000096b80000)
 Metaspace       used 65511K, committed 67072K, reserved 1114112K
  class space    used 6685K, committed 7360K, reserved 1048576K
}
Event: 45.981 GC heap before
{Heap before GC invocations=393 (full 4):
 PSYoungGen      total 13312K, used 13302K [0x00000000d5580000, 0x00000000d6700000, 0x0000000100000000)
  eden space 9728K, 100% used [0x00000000d5580000,0x00000000d5f00000,0x00000000d5f00000)
  from space 3584K, 99% used [0x00000000d6380000,0x00000000d66fd810,0x00000000d6700000)
  to   space 4096K, 0% used [0x00000000d5f00000,0x00000000d5f00000,0x00000000d6300000)
 ParOldGen       total 372224K, used 371809K [0x0000000080000000, 0x0000000096b80000, 0x00000000d5580000)
  object space 372224K, 99% used [0x0000000080000000,0x0000000096b184a8,0x0000000096b80000)
 Metaspace       used 65511K, committed 67072K, reserved 1114112K
  class space    used 6685K, committed 7360K, reserved 1048576K
}
Event: 45.986 GC heap after
{Heap after GC invocations=393 (full 4):
 PSYoungGen      total 13312K, used 13302K [0x00000000d5580000, 0x00000000d6700000, 0x0000000100000000)
  eden space 9728K, 100% used [0x00000000d5580000,0x00000000d5f00000,0x00000000d5f00000)
  from space 3584K, 99% used [0x00000000d6380000,0x00000000d66fd810,0x00000000d6700000)
  to   space 4096K, 71% used [0x00000000d5f00000,0x00000000d61db940,0x00000000d6300000)
 ParOldGen       total 372736K, used 372729K [0x0000000080000000, 0x0000000096c00000, 0x00000000d5580000)
  object space 372736K, 99% used [0x0000000080000000,0x0000000096bfe4a8,0x0000000096c00000)
 Metaspace       used 65511K, committed 67072K, reserved 1114112K
  class space    used 6685K, committed 7360K, reserved 1048576K
}
Event: 45.987 GC heap before
{Heap before GC invocations=394 (full 5):
 PSYoungGen      total 13312K, used 13302K [0x00000000d5580000, 0x00000000d6700000, 0x0000000100000000)
  eden space 9728K, 100% used [0x00000000d5580000,0x00000000d5f00000,0x00000000d5f00000)
  from space 3584K, 99% used [0x00000000d6380000,0x00000000d66fd810,0x00000000d6700000)
  to   space 4096K, 71% used [0x00000000d5f00000,0x00000000d61db940,0x00000000d6300000)
 ParOldGen       total 372736K, used 372729K [0x0000000080000000, 0x0000000096c00000, 0x00000000d5580000)
  object space 372736K, 99% used [0x0000000080000000,0x0000000096bfe4a8,0x0000000096c00000)
 Metaspace       used 65511K, committed 67072K, reserved 1114112K
  class space    used 6685K, committed 7360K, reserved 1048576K
}

