# JRE version: OpenJDK Runtime Environment Temurin-21.0.7+6 (21.0.7+6) (build 21.0.7+6-LTS)
# Java VM: OpenJDK 64-Bit Server VM Temurin-21.0.7+6 (21.0.7+6-LTS, mixed mode, sharing, tiered, compressed oops, compressed class ptrs, parallel gc, windows-amd64)
GC Precious Log:
 CardTable entry size: 512
 CPUs: 4 total, 4 available
 Memory: 3872M
 Large Page Support: Disabled
 NUMA Support: Disabled
 Compressed Oops: Enabled (32-bit)
 Alignments: Space 512K, Generation 512K, Heap 2M
 Heap Min Capacity: 100M
 Heap Initial Capacity: 100M
 Heap Max Capacity: 2G
 Pre-touch: Disabled
 Parallel Workers: 4
Heap:
 PSYoungGen      total 2560K, used 1125K [0x00000000d5580000, 0x00000000d5a00000, 0x0000000100000000)
  eden space 2048K, 38% used [0x00000000d5580000,0x00000000d5643c58,0x00000000d5780000)
  from space 512K, 66% used [0x00000000d5900000,0x00000000d5955808,0x00000000d5980000)
  to   space 512K, 0% used [0x00000000d5980000,0x00000000d5980000,0x00000000d5a00000)
 ParOldGen       total 447488K, used 446990K [0x0000000080000000, 0x000000009b500000, 0x00000000d5580000)
  object space 447488K, 99% used [0x0000000080000000,0x000000009b483b70,0x000000009b500000)
 Metaspace       used 65585K, committed 67072K, reserved 1114112K
  class space    used 6695K, committed 7360K, reserved 1048576K
GC Heap History (20 events):
Event: 52.330 GC heap before
{Heap before GC invocations=525 (full 3):
 PSYoungGen      total 2560K, used 2426K [0x00000000d5580000, 0x00000000d5a00000, 0x0000000100000000)
  eden space 2048K, 100% used [0x00000000d5580000,0x00000000d5780000,0x00000000d5780000)
  from space 512K, 73% used [0x00000000d5900000,0x00000000d595ea58,0x00000000d5980000)
  to   space 512K, 0% used [0x00000000d5980000,0x00000000d5980000,0x00000000d5a00000)
 ParOldGen       total 443904K, used 443555K [0x0000000080000000, 0x000000009b180000, 0x00000000d5580000)
  object space 443904K, 99% used [0x0000000080000000,0x000000009b128c50,0x000000009b180000)
 Metaspace       used 65585K, committed 67072K, reserved 1114112K
  class space    used 6695K, committed 7360K, reserved 1048576K
}
Event: 52.332 GC heap after
{Heap after GC invocations=525 (full 3):
 PSYoungGen      total 2560K, used 256K [0x00000000d5580000, 0x00000000d5a00000, 0x0000000100000000)
  eden space 2048K, 0% used [0x00000000d5580000,0x00000000d5580000,0x00000000d5780000)
  from space 512K, 50% used [0x00000000d5980000,0x00000000d59c0000,0x00000000d5a00000)
  to   space 512K, 0% used [0x00000000d5900000,0x00000000d5900000,0x00000000d5980000)
 ParOldGen       total 443904K, used 443859K [0x0000000080000000, 0x000000009b180000, 0x00000000d5580000)
  object space 443904K, 99% used [0x0000000080000000,0x000000009b174cb0,0x000000009b180000)
 Metaspace       used 65585K, committed 67072K, reserved 1114112K
  class space    used 6695K, committed 7360K, reserved 1048576K
}
Event: 52.399 GC heap before
{Heap before GC invocations=526 (full 3):
 PSYoungGen      total 2560K, used 2304K [0x00000000d5580000, 0x00000000d5a00000, 0x0000000100000000)
  eden space 2048K, 100% used [0x00000000d5580000,0x00000000d5780000,0x00000000d5780000)
  from space 512K, 50% used [0x00000000d5980000,0x00000000d59c0000,0x00000000d5a00000)
  to   space 512K, 0% used [0x00000000d5900000,0x00000000d5900000,0x00000000d5980000)
 ParOldGen       total 443904K, used 443859K [0x0000000080000000, 0x000000009b180000, 0x00000000d5580000)
  object space 443904K, 99% used [0x0000000080000000,0x000000009b174cb0,0x000000009b180000)
 Metaspace       used 65585K, committed 67072K, reserved 1114112K
  class space    used 6695K, committed 7360K, reserved 1048576K
}
Event: 52.401 GC heap after
{Heap after GC invocations=526 (full 3):
 PSYoungGen      total 2560K, used 315K [0x00000000d5580000, 0x00000000d5a00000, 0x0000000100000000)
  eden space 2048K, 0% used [0x00000000d5580000,0x00000000d5580000,0x00000000d5780000)
  from space 512K, 61% used [0x00000000d5900000,0x00000000d594ec08,0x00000000d5980000)
  to   space 512K, 0% used [0x00000000d5980000,0x00000000d5980000,0x00000000d5a00000)
 ParOldGen       total 444416K, used 444059K [0x0000000080000000, 0x000000009b200000, 0x00000000d5580000)
  object space 444416K, 99% used [0x0000000080000000,0x000000009b1a6cb0,0x000000009b200000)
 Metaspace       used 65585K, committed 67072K, reserved 1114112K
  class space    used 6695K, committed 7360K, reserved 1048576K
}
Event: 52.423 GC heap before
{Heap before GC invocations=527 (full 3):
 PSYoungGen      total 2560K, used 2363K [0x00000000d5580000, 0x00000000d5a00000, 0x0000000100000000)
  eden space 2048K, 100% used [0x00000000d5580000,0x00000000d5780000,0x00000000d5780000)
  from space 512K, 61% used [0x00000000d5900000,0x00000000d594ec08,0x00000000d5980000)
  to   space 512K, 0% used [0x00000000d5980000,0x00000000d5980000,0x00000000d5a00000)
 ParOldGen       total 444416K, used 444059K [0x0000000080000000, 0x000000009b200000, 0x00000000d5580000)
  object space 444416K, 99% used [0x0000000080000000,0x000000009b1a6cb0,0x000000009b200000)
 Metaspace       used 65585K, committed 67072K, reserved 1114112K
  class space    used 6695K, committed 7360K, reserved 1048576K
}
Event: 52.426 GC heap after
{Heap after GC invocations=527 (full 3):
 PSYoungGen      total 2560K, used 288K [0x00000000d5580000, 0x00000000d5a00000, 0x0000000100000000)
  eden space 2048K, 0% used [0x00000000d5580000,0x00000000d5580000,0x00000000d5780000)
  from space 512K, 56% used [0x00000000d5980000,0x00000000d59c8000,0x00000000d5a00000)
  to   space 512K, 0% used [0x00000000d5900000,0x00000000d5900000,0x00000000d5980000)
 ParOldGen       total 444416K, used 444294K [0x0000000080000000, 0x000000009b200000, 0x00000000d5580000)
  object space 444416K, 99% used [0x0000000080000000,0x000000009b1e18b8,0x000000009b200000)
 Metaspace       used 65585K, committed 67072K, reserved 1114112K
  class space    used 6695K, committed 7360K, reserved 1048576K
}
Event: 52.478 GC heap before
{Heap before GC invocations=528 (full 3):
 PSYoungGen      total 2560K, used 2336K [0x00000000d5580000, 0x00000000d5a00000, 0x0000000100000000)
  eden space 2048K, 100% used [0x00000000d5580000,0x00000000d5780000,0x00000000d5780000)
  from space 512K, 56% used [0x00000000d5980000,0x00000000d59c8000,0x00000000d5a00000)
  to   space 512K, 0% used [0x00000000d5900000,0x00000000d5900000,0x00000000d5980000)
 ParOldGen       total 444416K, used 444294K [0x0000000080000000, 0x000000009b200000, 0x00000000d5580000)
  object space 444416K, 99% used [0x0000000080000000,0x000000009b1e18b8,0x000000009b200000)
 Metaspace       used 65585K, committed 67072K, reserved 1114112K
  class space    used 6695K, committed 7360K, reserved 1048576K
}
Event: 52.481 GC heap after
{Heap after GC invocations=528 (full 3):
 PSYoungGen      total 2560K, used 224K [0x00000000d5580000, 0x00000000d5a00000, 0x0000000100000000)
  eden space 2048K, 0% used [0x00000000d5580000,0x00000000d5580000,0x00000000d5780000)
  from space 512K, 43% used [0x00000000d5900000,0x00000000d5938000,0x00000000d5980000)
  to   space 512K, 0% used [0x00000000d5980000,0x00000000d5980000,0x00000000d5a00000)
 ParOldGen       total 444928K, used 444494K [0x0000000080000000, 0x000000009b280000, 0x00000000d5580000)
  object space 444928K, 99% used [0x0000000080000000,0x000000009b2138b8,0x000000009b280000)
 Metaspace       used 65585K, committed 67072K, reserved 1114112K
  class space    used 6695K, committed 7360K, reserved 1048576K
}
Event: 52.592 GC heap before
{Heap before GC invocations=529 (full 3):
 PSYoungGen      total 2560K, used 2260K [0x00000000d5580000, 0x00000000d5a00000, 0x0000000100000000)
  eden space 2048K, 99% used [0x00000000d5580000,0x00000000d577d3a0,0x00000000d5780000)
  from space 512K, 43% used [0x00000000d5900000,0x00000000d5938000,0x00000000d5980000)
  to   space 512K, 0% used [0x00000000d5980000,0x00000000d5980000,0x00000000d5a00000)
 ParOldGen       total 444928K, used 444494K [0x0000000080000000, 0x000000009b280000, 0x00000000d5580000)
  object space 444928K, 99% used [0x0000000080000000,0x000000009b2138b8,0x000000009b280000)
 Metaspace       used 65585K, committed 67072K, reserved 1114112K
  class space    used 6695K, committed 7360K, reserved 1048576K
}
Event: 52.594 GC heap after
{Heap after GC invocations=529 (full 3):
 PSYoungGen      total 2560K, used 256K [0x00000000d5580000, 0x00000000d5a00000, 0x0000000100000000)
  eden space 2048K, 0% used [0x00000000d5580000,0x00000000d5580000,0x00000000d5780000)
  from space 512K, 50% used [0x00000000d5980000,0x00000000d59c0000,0x00000000d5a00000)
  to   space 512K, 0% used [0x00000000d5900000,0x00000000d5900000,0x00000000d5980000)
 ParOldGen       total 444928K, used 444694K [0x0000000080000000, 0x000000009b280000, 0x00000000d5580000)
  object space 444928K, 99% used [0x0000000080000000,0x000000009b2458b8,0x000000009b280000)
 Metaspace       used 65585K, committed 67072K, reserved 1114112K
  class space    used 6695K, committed 7360K, reserved 1048576K
}
Event: 52.618 GC heap before
{Heap before GC invocations=530 (full 3):
 PSYoungGen      total 2560K, used 2292K [0x00000000d5580000, 0x00000000d5a00000, 0x0000000100000000)
  eden space 2048K, 99% used [0x00000000d5580000,0x00000000d577d158,0x00000000d5780000)
  from space 512K, 50% used [0x00000000d5980000,0x00000000d59c0000,0x00000000d5a00000)
  to   space 512K, 0% used [0x00000000d5900000,0x00000000d5900000,0x00000000d5980000)
 ParOldGen       total 444928K, used 444694K [0x0000000080000000, 0x000000009b280000, 0x00000000d5580000)
  object space 444928K, 99% used [0x0000000080000000,0x000000009b2458b8,0x000000009b280000)
 Metaspace       used 65585K, committed 67072K, reserved 1114112K
  class space    used 6695K, committed 7360K, reserved 1048576K
}
Event: 52.620 GC heap after
{Heap after GC invocations=530 (full 3):
 PSYoungGen      total 2560K, used 448K [0x00000000d5580000, 0x00000000d5a00000, 0x0000000100000000)
  eden space 2048K, 0% used [0x00000000d5580000,0x00000000d5580000,0x00000000d5780000)
  from space 512K, 87% used [0x00000000d5900000,0x00000000d5970000,0x00000000d5980000)
  to   space 512K, 0% used [0x00000000d5980000,0x00000000d5980000,0x00000000d5a00000)
 ParOldGen       total 444928K, used 444879K [0x0000000080000000, 0x000000009b280000, 0x00000000d5580000)
  object space 444928K, 99% used [0x0000000080000000,0x000000009b273cc8,0x000000009b280000)
 Metaspace       used 65585K, committed 67072K, reserved 1114112K
  class space    used 6695K, committed 7360K, reserved 1048576K
}
Event: 52.645 GC heap before
{Heap before GC invocations=531 (full 3):
 PSYoungGen      total 2560K, used 2496K [0x00000000d5580000, 0x00000000d5a00000, 0x0000000100000000)
  eden space 2048K, 100% used [0x00000000d5580000,0x00000000d5780000,0x00000000d5780000)
  from space 512K, 87% used [0x00000000d5900000,0x00000000d5970000,0x00000000d5980000)
  to   space 512K, 0% used [0x00000000d5980000,0x00000000d5980000,0x00000000d5a00000)
 ParOldGen       total 444928K, used 444879K [0x0000000080000000, 0x000000009b280000, 0x00000000d5580000)
  object space 444928K, 99% used [0x0000000080000000,0x000000009b273cc8,0x000000009b280000)
 Metaspace       used 65585K, committed 67072K, reserved 1114112K
  class space    used 6695K, committed 7360K, reserved 1048576K
}
Event: 52.648 GC heap after
{Heap after GC invocations=531 (full 3):
 PSYoungGen      total 2560K, used 347K [0x00000000d5580000, 0x00000000d5a00000, 0x0000000100000000)
  eden space 2048K, 0% used [0x00000000d5580000,0x00000000d5580000,0x00000000d5780000)
  from space 512K, 67% used [0x00000000d5980000,0x00000000d59d6c08,0x00000000d5a00000)
  to   space 512K, 0% used [0x00000000d5900000,0x00000000d5900000,0x00000000d5980000)
 ParOldGen       total 445440K, used 445191K [0x0000000080000000, 0x000000009b300000, 0x00000000d5580000)
  object space 445440K, 99% used [0x0000000080000000,0x000000009b2c1cc8,0x000000009b300000)
 Metaspace       used 65585K, committed 67072K, reserved 1114112K
  class space    used 6695K, committed 7360K, reserved 1048576K
}
Event: 52.747 GC heap before
{Heap before GC invocations=532 (full 3):
 PSYoungGen      total 2560K, used 2395K [0x00000000d5580000, 0x00000000d5a00000, 0x0000000100000000)
  eden space 2048K, 100% used [0x00000000d5580000,0x00000000d5780000,0x00000000d5780000)
  from space 512K, 67% used [0x00000000d5980000,0x00000000d59d6c08,0x00000000d5a00000)
  to   space 512K, 0% used [0x00000000d5900000,0x00000000d5900000,0x00000000d5980000)
 ParOldGen       total 445440K, used 445191K [0x0000000080000000, 0x000000009b300000, 0x00000000d5580000)
  object space 445440K, 99% used [0x0000000080000000,0x000000009b2c1cc8,0x000000009b300000)
 Metaspace       used 65585K, committed 67072K, reserved 1114112K
  class space    used 6695K, committed 7360K, reserved 1048576K
}
Event: 52.750 GC heap after
{Heap after GC invocations=532 (full 3):
 PSYoungGen      total 2560K, used 292K [0x00000000d5580000, 0x00000000d5a00000, 0x0000000100000000)
  eden space 2048K, 0% used [0x00000000d5580000,0x00000000d5580000,0x00000000d5780000)
  from space 512K, 57% used [0x00000000d5900000,0x00000000d5949090,0x00000000d5980000)
  to   space 512K, 0% used [0x00000000d5980000,0x00000000d5980000,0x00000000d5a00000)
 ParOldGen       total 445952K, used 445474K [0x0000000080000000, 0x000000009b380000, 0x00000000d5580000)
  object space 445952K, 99% used [0x0000000080000000,0x000000009b3088d0,0x000000009b380000)
 Metaspace       used 65585K, committed 67072K, reserved 1114112K
  class space    used 6695K, committed 7360K, reserved 1048576K
}
Event: 52.771 GC heap before
{Heap before GC invocations=533 (full 3):
 PSYoungGen      total 2560K, used 2340K [0x00000000d5580000, 0x00000000d5a00000, 0x0000000100000000)
  eden space 2048K, 100% used [0x00000000d5580000,0x00000000d5780000,0x00000000d5780000)
  from space 512K, 57% used [0x00000000d5900000,0x00000000d5949090,0x00000000d5980000)
  to   space 512K, 0% used [0x00000000d5980000,0x00000000d5980000,0x00000000d5a00000)
 ParOldGen       total 445952K, used 445474K [0x0000000080000000, 0x000000009b380000, 0x00000000d5580000)
  object space 445952K, 99% used [0x0000000080000000,0x000000009b3088d0,0x000000009b380000)
 Metaspace       used 65585K, committed 67072K, reserved 1114112K
  class space    used 6695K, committed 7360K, reserved 1048576K
}
Event: 52.774 GC heap after
{Heap after GC invocations=533 (full 3):
 PSYoungGen      total 2560K, used 320K [0x00000000d5580000, 0x00000000d5a00000, 0x0000000100000000)
  eden space 2048K, 0% used [0x00000000d5580000,0x00000000d5580000,0x00000000d5780000)
  from space 512K, 62% used [0x00000000d5980000,0x00000000d59d0000,0x00000000d5a00000)
  to   space 512K, 0% used [0x00000000d5900000,0x00000000d5900000,0x00000000d5980000)
 ParOldGen       total 445952K, used 445734K [0x0000000080000000, 0x000000009b380000, 0x00000000d5580000)
  object space 445952K, 99% used [0x0000000080000000,0x000000009b349960,0x000000009b380000)
 Metaspace       used 65585K, committed 67072K, reserved 1114112K
  class space    used 6695K, committed 7360K, reserved 1048576K
}
Event: 52.797 GC heap before
{Heap before GC invocations=534 (full 3):
 PSYoungGen      total 2560K, used 2368K [0x00000000d5580000, 0x00000000d5a00000, 0x0000000100000000)
  eden space 2048K, 100% used [0x00000000d5580000,0x00000000d5780000,0x00000000d5780000)
  from space 512K, 62% used [0x00000000d5980000,0x00000000d59d0000,0x00000000d5a00000)
  to   space 512K, 0% used [0x00000000d5900000,0x00000000d5900000,0x00000000d5980000)
 ParOldGen       total 445952K, used 445734K [0x0000000080000000, 0x000000009b380000, 0x00000000d5580000)
  object space 445952K, 99% used [0x0000000080000000,0x000000009b349960,0x000000009b380000)
 Metaspace       used 65585K, committed 67072K, reserved 1114112K
  class space    used 6695K, committed 7360K, reserved 1048576K
}
Event: 52.799 GC heap after
{Heap after GC invocations=534 (full 3):
 PSYoungGen      total 2560K, used 376K [0x00000000d5580000, 0x00000000d5a00000, 0x0000000100000000)
  eden space 2048K, 0% used [0x00000000d5580000,0x00000000d5580000,0x00000000d5780000)
  from space 512K, 73% used [0x00000000d5900000,0x00000000d595e2e8,0x00000000d5980000)
  to   space 512K, 0% used [0x00000000d5980000,0x00000000d5980000,0x00000000d5a00000)
 ParOldGen       total 446464K, used 446027K [0x0000000080000000, 0x000000009b400000, 0x00000000d5580000)
  object space 446464K, 99% used [0x0000000080000000,0x000000009b392f68,0x000000009b400000)
 Metaspace       used 65585K, committed 67072K, reserved 1114112K
  class space    used 6695K, committed 7360K, reserved 1048576K
}

