# JRE version: OpenJDK Runtime Environment Temurin-21.0.7+6 (21.0.7+6) (build 21.0.7+6-LTS)
# Java VM: OpenJDK 64-Bit Server VM Temurin-21.0.7+6 (21.0.7+6-LTS, mixed mode, sharing, tiered, compressed oops, compressed class ptrs, parallel gc, windows-amd64)
GC Precious Log:
 CardTable entry size: 512
 CPUs: 4 total, 4 available
 Memory: 3872M
 Large Page Support: Disabled
 NUMA Support: Disabled
 Compressed Oops: Enabled (32-bit)
 Alignments: Space 512K, Generation 512K, Heap 2M
 Heap Min Capacity: 100M
 Heap Initial Capacity: 100M
 Heap Max Capacity: 2G
 Pre-touch: Disabled
 Parallel Workers: 4
Heap:
 PSYoungGen      total 2048K, used 798K [0x00000000d5580000, 0x00000000d5880000, 0x0000000100000000)
  eden space 1536K, 37% used [0x00000000d5580000,0x00000000d560fbd0,0x00000000d5700000)
  from space 512K, 43% used [0x00000000d5800000,0x00000000d5838000,0x00000000d5880000)
  to   space 512K, 0% used [0x00000000d5780000,0x00000000d5780000,0x00000000d5800000)
 ParOldGen       total 416256K, used 416254K [0x0000000080000000, 0x0000000099680000, 0x00000000d5580000)
  object space 416256K, 99% used [0x0000000080000000,0x000000009967f808,0x0000000099680000)
 Metaspace       used 63771K, committed 65344K, reserved 1114112K
  class space    used 6493K, committed 7232K, reserved 1048576K
GC Heap History (20 events):
Event: 118.856 GC heap before
{Heap before GC invocations=356 (full 3):
 PSYoungGen      total 1024K, used 670K [0x00000000d5580000, 0x00000000d5800000, 0x0000000100000000)
  eden space 512K, 99% used [0x00000000d5580000,0x00000000d55ffb50,0x00000000d5600000)
  from space 512K, 31% used [0x00000000d5780000,0x00000000d57a8000,0x00000000d5800000)
  to   space 512K, 0% used [0x00000000d5600000,0x00000000d5600000,0x00000000d5680000)
 ParOldGen       total 414720K, used 414477K [0x0000000080000000, 0x0000000099500000, 0x00000000d5580000)
  object space 414720K, 99% used [0x0000000080000000,0x00000000994c36d0,0x0000000099500000)
 Metaspace       used 63771K, committed 65344K, reserved 1114112K
  class space    used 6493K, committed 7232K, reserved 1048576K
}
Event: 118.859 GC heap after
{Heap after GC invocations=356 (full 3):
 PSYoungGen      total 1024K, used 128K [0x00000000d5580000, 0x00000000d5800000, 0x0000000100000000)
  eden space 512K, 0% used [0x00000000d5580000,0x00000000d5580000,0x00000000d5600000)
  from space 512K, 25% used [0x00000000d5600000,0x00000000d5620000,0x00000000d5680000)
  to   space 512K, 0% used [0x00000000d5780000,0x00000000d5780000,0x00000000d5800000)
 ParOldGen       total 414720K, used 414541K [0x0000000080000000, 0x0000000099500000, 0x00000000d5580000)
  object space 414720K, 99% used [0x0000000080000000,0x00000000994d36d0,0x0000000099500000)
 Metaspace       used 63771K, committed 65344K, reserved 1114112K
  class space    used 6493K, committed 7232K, reserved 1048576K
}
Event: 118.864 GC heap before
{Heap before GC invocations=357 (full 3):
 PSYoungGen      total 1024K, used 640K [0x00000000d5580000, 0x00000000d5800000, 0x0000000100000000)
  eden space 512K, 100% used [0x00000000d5580000,0x00000000d5600000,0x00000000d5600000)
  from space 512K, 25% used [0x00000000d5600000,0x00000000d5620000,0x00000000d5680000)
  to   space 512K, 0% used [0x00000000d5780000,0x00000000d5780000,0x00000000d5800000)
 ParOldGen       total 414720K, used 414541K [0x0000000080000000, 0x0000000099500000, 0x00000000d5580000)
  object space 414720K, 99% used [0x0000000080000000,0x00000000994d36d0,0x0000000099500000)
 Metaspace       used 63771K, committed 65344K, reserved 1114112K
  class space    used 6493K, committed 7232K, reserved 1048576K
}
Event: 118.867 GC heap after
{Heap after GC invocations=357 (full 3):
 PSYoungGen      total 1536K, used 155K [0x00000000d5580000, 0x00000000d5800000, 0x0000000100000000)
  eden space 1024K, 0% used [0x00000000d5580000,0x00000000d5580000,0x00000000d5680000)
  from space 512K, 30% used [0x00000000d5780000,0x00000000d57a6c08,0x00000000d5800000)
  to   space 512K, 0% used [0x00000000d5700000,0x00000000d5700000,0x00000000d5780000)
 ParOldGen       total 414720K, used 414597K [0x0000000080000000, 0x0000000099500000, 0x00000000d5580000)
  object space 414720K, 99% used [0x0000000080000000,0x00000000994e16d0,0x0000000099500000)
 Metaspace       used 63771K, committed 65344K, reserved 1114112K
  class space    used 6493K, committed 7232K, reserved 1048576K
}
Event: 118.876 GC heap before
{Heap before GC invocations=358 (full 3):
 PSYoungGen      total 1536K, used 1179K [0x00000000d5580000, 0x00000000d5800000, 0x0000000100000000)
  eden space 1024K, 100% used [0x00000000d5580000,0x00000000d5680000,0x00000000d5680000)
  from space 512K, 30% used [0x00000000d5780000,0x00000000d57a6c08,0x00000000d5800000)
  to   space 512K, 0% used [0x00000000d5700000,0x00000000d5700000,0x00000000d5780000)
 ParOldGen       total 414720K, used 414597K [0x0000000080000000, 0x0000000099500000, 0x00000000d5580000)
  object space 414720K, 99% used [0x0000000080000000,0x00000000994e16d0,0x0000000099500000)
 Metaspace       used 63771K, committed 65344K, reserved 1114112K
  class space    used 6493K, committed 7232K, reserved 1048576K
}
Event: 118.879 GC heap after
{Heap after GC invocations=358 (full 3):
 PSYoungGen      total 2048K, used 192K [0x00000000d5580000, 0x00000000d5800000, 0x0000000100000000)
  eden space 1536K, 0% used [0x00000000d5580000,0x00000000d5580000,0x00000000d5700000)
  from space 512K, 37% used [0x00000000d5700000,0x00000000d5730000,0x00000000d5780000)
  to   space 512K, 0% used [0x00000000d5780000,0x00000000d5780000,0x00000000d5800000)
 ParOldGen       total 414720K, used 414696K [0x0000000080000000, 0x0000000099500000, 0x00000000d5580000)
  object space 414720K, 99% used [0x0000000080000000,0x00000000994fa2d8,0x0000000099500000)
 Metaspace       used 63771K, committed 65344K, reserved 1114112K
  class space    used 6493K, committed 7232K, reserved 1048576K
}
Event: 118.904 GC heap before
{Heap before GC invocations=359 (full 3):
 PSYoungGen      total 2048K, used 1712K [0x00000000d5580000, 0x00000000d5800000, 0x0000000100000000)
  eden space 1536K, 98% used [0x00000000d5580000,0x00000000d56fc0d8,0x00000000d5700000)
  from space 512K, 37% used [0x00000000d5700000,0x00000000d5730000,0x00000000d5780000)
  to   space 512K, 0% used [0x00000000d5780000,0x00000000d5780000,0x00000000d5800000)
 ParOldGen       total 414720K, used 414696K [0x0000000080000000, 0x0000000099500000, 0x00000000d5580000)
  object space 414720K, 99% used [0x0000000080000000,0x00000000994fa2d8,0x0000000099500000)
 Metaspace       used 63771K, committed 65344K, reserved 1114112K
  class space    used 6493K, committed 7232K, reserved 1048576K
}
Event: 118.908 GC heap after
{Heap after GC invocations=359 (full 3):
 PSYoungGen      total 2048K, used 224K [0x00000000d5580000, 0x00000000d5880000, 0x0000000100000000)
  eden space 1536K, 0% used [0x00000000d5580000,0x00000000d5580000,0x00000000d5700000)
  from space 512K, 43% used [0x00000000d5780000,0x00000000d57b8000,0x00000000d5800000)
  to   space 512K, 0% used [0x00000000d5700000,0x00000000d5700000,0x00000000d5780000)
 ParOldGen       total 415232K, used 414816K [0x0000000080000000, 0x0000000099580000, 0x00000000d5580000)
  object space 415232K, 99% used [0x0000000080000000,0x00000000995182d8,0x0000000099580000)
 Metaspace       used 63771K, committed 65344K, reserved 1114112K
  class space    used 6493K, committed 7232K, reserved 1048576K
}
Event: 118.932 GC heap before
{Heap before GC invocations=360 (full 3):
 PSYoungGen      total 2048K, used 1760K [0x00000000d5580000, 0x00000000d5880000, 0x0000000100000000)
  eden space 1536K, 100% used [0x00000000d5580000,0x00000000d5700000,0x00000000d5700000)
  from space 512K, 43% used [0x00000000d5780000,0x00000000d57b8000,0x00000000d5800000)
  to   space 512K, 0% used [0x00000000d5700000,0x00000000d5700000,0x00000000d5780000)
 ParOldGen       total 415232K, used 414816K [0x0000000080000000, 0x0000000099580000, 0x00000000d5580000)
  object space 415232K, 99% used [0x0000000080000000,0x00000000995182d8,0x0000000099580000)
 Metaspace       used 63771K, committed 65344K, reserved 1114112K
  class space    used 6493K, committed 7232K, reserved 1048576K
}
Event: 118.938 GC heap after
{Heap after GC invocations=360 (full 3):
 PSYoungGen      total 2048K, used 192K [0x00000000d5580000, 0x00000000d5880000, 0x0000000100000000)
  eden space 1536K, 0% used [0x00000000d5580000,0x00000000d5580000,0x00000000d5700000)
  from space 512K, 37% used [0x00000000d5700000,0x00000000d5730000,0x00000000d5780000)
  to   space 512K, 0% used [0x00000000d5800000,0x00000000d5800000,0x00000000d5880000)
 ParOldGen       total 415232K, used 414968K [0x0000000080000000, 0x0000000099580000, 0x00000000d5580000)
  object space 415232K, 99% used [0x0000000080000000,0x000000009953e2d8,0x0000000099580000)
 Metaspace       used 63771K, committed 65344K, reserved 1114112K
  class space    used 6493K, committed 7232K, reserved 1048576K
}
Event: 119.025 GC heap before
{Heap before GC invocations=361 (full 3):
 PSYoungGen      total 2048K, used 1728K [0x00000000d5580000, 0x00000000d5880000, 0x0000000100000000)
  eden space 1536K, 100% used [0x00000000d5580000,0x00000000d5700000,0x00000000d5700000)
  from space 512K, 37% used [0x00000000d5700000,0x00000000d5730000,0x00000000d5780000)
  to   space 512K, 0% used [0x00000000d5800000,0x00000000d5800000,0x00000000d5880000)
 ParOldGen       total 415232K, used 414968K [0x0000000080000000, 0x0000000099580000, 0x00000000d5580000)
  object space 415232K, 99% used [0x0000000080000000,0x000000009953e2d8,0x0000000099580000)
 Metaspace       used 63771K, committed 65344K, reserved 1114112K
  class space    used 6493K, committed 7232K, reserved 1048576K
}
Event: 119.030 GC heap after
{Heap after GC invocations=361 (full 3):
 PSYoungGen      total 2048K, used 512K [0x00000000d5580000, 0x00000000d5900000, 0x0000000100000000)
  eden space 1536K, 0% used [0x00000000d5580000,0x00000000d5580000,0x00000000d5700000)
  from space 512K, 100% used [0x00000000d5800000,0x00000000d5880000,0x00000000d5880000)
  to   space 1024K, 0% used [0x00000000d5700000,0x00000000d5700000,0x00000000d5800000)
 ParOldGen       total 415232K, used 415152K [0x0000000080000000, 0x0000000099580000, 0x00000000d5580000)
  object space 415232K, 99% used [0x0000000080000000,0x000000009956c2d8,0x0000000099580000)
 Metaspace       used 63771K, committed 65344K, reserved 1114112K
  class space    used 6493K, committed 7232K, reserved 1048576K
}
Event: 119.169 GC heap before
{Heap before GC invocations=362 (full 3):
 PSYoungGen      total 2048K, used 2041K [0x00000000d5580000, 0x00000000d5900000, 0x0000000100000000)
  eden space 1536K, 99% used [0x00000000d5580000,0x00000000d56fe700,0x00000000d5700000)
  from space 512K, 100% used [0x00000000d5800000,0x00000000d5880000,0x00000000d5880000)
  to   space 1024K, 0% used [0x00000000d5700000,0x00000000d5700000,0x00000000d5800000)
 ParOldGen       total 415232K, used 415152K [0x0000000080000000, 0x0000000099580000, 0x00000000d5580000)
  object space 415232K, 99% used [0x0000000080000000,0x000000009956c2d8,0x0000000099580000)
 Metaspace       used 63771K, committed 65344K, reserved 1114112K
  class space    used 6493K, committed 7232K, reserved 1048576K
}
Event: 119.170 GC heap after
{Heap after GC invocations=362 (full 3):
 PSYoungGen      total 2560K, used 274K [0x00000000d5580000, 0x00000000d5880000, 0x0000000100000000)
  eden space 1536K, 0% used [0x00000000d5580000,0x00000000d5580000,0x00000000d5700000)
  from space 1024K, 26% used [0x00000000d5700000,0x00000000d5744928,0x00000000d5800000)
  to   space 512K, 0% used [0x00000000d5800000,0x00000000d5800000,0x00000000d5880000)
 ParOldGen       total 415744K, used 415272K [0x0000000080000000, 0x0000000099600000, 0x00000000d5580000)
  object space 415744K, 99% used [0x0000000080000000,0x000000009958a2d8,0x0000000099600000)
 Metaspace       used 63771K, committed 65344K, reserved 1114112K
  class space    used 6493K, committed 7232K, reserved 1048576K
}
Event: 119.242 GC heap before
{Heap before GC invocations=363 (full 3):
 PSYoungGen      total 2560K, used 1810K [0x00000000d5580000, 0x00000000d5880000, 0x0000000100000000)
  eden space 1536K, 100% used [0x00000000d5580000,0x00000000d5700000,0x00000000d5700000)
  from space 1024K, 26% used [0x00000000d5700000,0x00000000d5744928,0x00000000d5800000)
  to   space 512K, 0% used [0x00000000d5800000,0x00000000d5800000,0x00000000d5880000)
 ParOldGen       total 415744K, used 415272K [0x0000000080000000, 0x0000000099600000, 0x00000000d5580000)
  object space 415744K, 99% used [0x0000000080000000,0x000000009958a2d8,0x0000000099600000)
 Metaspace       used 63771K, committed 65344K, reserved 1114112K
  class space    used 6493K, committed 7232K, reserved 1048576K
}
Event: 119.246 GC heap after
{Heap after GC invocations=363 (full 3):
 PSYoungGen      total 2048K, used 256K [0x00000000d5580000, 0x00000000d5880000, 0x0000000100000000)
  eden space 1536K, 0% used [0x00000000d5580000,0x00000000d5580000,0x00000000d5700000)
  from space 512K, 50% used [0x00000000d5800000,0x00000000d5840000,0x00000000d5880000)
  to   space 512K, 0% used [0x00000000d5780000,0x00000000d5780000,0x00000000d5800000)
 ParOldGen       total 415744K, used 415515K [0x0000000080000000, 0x0000000099600000, 0x00000000d5580000)
  object space 415744K, 99% used [0x0000000080000000,0x00000000995c6c00,0x0000000099600000)
 Metaspace       used 63771K, committed 65344K, reserved 1114112K
  class space    used 6493K, committed 7232K, reserved 1048576K
}
Event: 119.278 GC heap before
{Heap before GC invocations=364 (full 3):
 PSYoungGen      total 2048K, used 1792K [0x00000000d5580000, 0x00000000d5880000, 0x0000000100000000)
  eden space 1536K, 100% used [0x00000000d5580000,0x00000000d5700000,0x00000000d5700000)
  from space 512K, 50% used [0x00000000d5800000,0x00000000d5840000,0x00000000d5880000)
  to   space 512K, 0% used [0x00000000d5780000,0x00000000d5780000,0x00000000d5800000)
 ParOldGen       total 415744K, used 415515K [0x0000000080000000, 0x0000000099600000, 0x00000000d5580000)
  object space 415744K, 99% used [0x0000000080000000,0x00000000995c6c00,0x0000000099600000)
 Metaspace       used 63771K, committed 65344K, reserved 1114112K
  class space    used 6493K, committed 7232K, reserved 1048576K
}
Event: 119.281 GC heap after
{Heap after GC invocations=364 (full 3):
 PSYoungGen      total 2048K, used 251K [0x00000000d5580000, 0x00000000d5880000, 0x0000000100000000)
  eden space 1536K, 0% used [0x00000000d5580000,0x00000000d5580000,0x00000000d5700000)
  from space 512K, 49% used [0x00000000d5780000,0x00000000d57bec08,0x00000000d5800000)
  to   space 512K, 0% used [0x00000000d5800000,0x00000000d5800000,0x00000000d5880000)
 ParOldGen       total 415744K, used 415691K [0x0000000080000000, 0x0000000099600000, 0x00000000d5580000)
  object space 415744K, 99% used [0x0000000080000000,0x00000000995f2c00,0x0000000099600000)
 Metaspace       used 63771K, committed 65344K, reserved 1114112K
  class space    used 6493K, committed 7232K, reserved 1048576K
}
Event: 119.317 GC heap before
{Heap before GC invocations=365 (full 3):
 PSYoungGen      total 2048K, used 1787K [0x00000000d5580000, 0x00000000d5880000, 0x0000000100000000)
  eden space 1536K, 100% used [0x00000000d5580000,0x00000000d5700000,0x00000000d5700000)
  from space 512K, 49% used [0x00000000d5780000,0x00000000d57bec08,0x00000000d5800000)
  to   space 512K, 0% used [0x00000000d5800000,0x00000000d5800000,0x00000000d5880000)
 ParOldGen       total 415744K, used 415691K [0x0000000080000000, 0x0000000099600000, 0x00000000d5580000)
  object space 415744K, 99% used [0x0000000080000000,0x00000000995f2c00,0x0000000099600000)
 Metaspace       used 63771K, committed 65344K, reserved 1114112K
  class space    used 6493K, committed 7232K, reserved 1048576K
}
Event: 119.318 GC heap after
{Heap after GC invocations=365 (full 3):
 PSYoungGen      total 2048K, used 224K [0x00000000d5580000, 0x00000000d5880000, 0x0000000100000000)
  eden space 1536K, 0% used [0x00000000d5580000,0x00000000d5580000,0x00000000d5700000)
  from space 512K, 43% used [0x00000000d5800000,0x00000000d5838000,0x00000000d5880000)
  to   space 512K, 0% used [0x00000000d5780000,0x00000000d5780000,0x00000000d5800000)
 ParOldGen       total 416256K, used 415894K [0x0000000080000000, 0x0000000099680000, 0x00000000d5580000)
  object space 416256K, 99% used [0x0000000080000000,0x0000000099625808,0x0000000099680000)
 Metaspace       used 63771K, committed 65344K, reserved 1114112K
  class space    used 6493K, committed 7232K, reserved 1048576K
}

